<?xml version="1.0" encoding="UTF-8"?>
<!-- Generated by org.testng.reporters.JUnitReportReporter -->
<testsuite hostname="PureBook-S14" failures="0" tests="1" name="com.qa.testCase.Amazon.TC_Login_001" time="20.990" errors="0" timestamp="2024-01-16T23:19:08 IST" skipped="0">
  <testcase classname="com.qa.testCase.Amazon.TC_Login_001" name="loginTest" time="20.990"/>
</testsuite> <!-- com.qa.testCase.Amazon.TC_Login_001 -->
