<?xml version="1.0" encoding="UTF-8"?>
<!-- Generated by org.testng.reporters.JUnitReportReporter -->
<testsuite hostname="PureBook-S14" failures="0" tests="1" name="com.qa.testCase.Amazon.TC_Login_001" time="52.292" errors="0" timestamp="2024-01-15T02:08:28 IST" skipped="0">
  <testcase classname="com.qa.testCase.Amazon.TC_Login_001" name="loginTest" time="52.292"/>
</testsuite> <!-- com.qa.testCase.Amazon.TC_Login_001 -->
